CS252: lab1. jdidat Sat Aug 26 15:56:25 EDT 2017  Total:  5 of 100

CS252: lab1. jdidat Sat Aug 26 17:24:58 EDT 2017  Total:  5 of 100

CS252: lab1. jdidat Sat Aug 26 17:26:28 EDT 2017  Total:  5 of 100

CS252: lab1. jdidat Sat Aug 26 17:28:40 EDT 2017  Total:  5 of 100

CS252: lab1. jdidat Sat Aug 26 17:34:15 EDT 2017  Total:  5 of 100

CS252: lab1. jdidat Sun Aug 27 02:11:18 EDT 2017  Total:  5 of 100

CS252: lab1. jdidat Tue Aug 29 20:44:31 EDT 2017  Total:  10 of 100

CS252: lab1. jdidat Tue Aug 29 22:20:55 EDT 2017  Total:  5 of 100

CS252: lab1. jdidat Tue Aug 29 22:59:39 EDT 2017  Total:  5 of 100

CS252: lab1. jdidat Tue Aug 29 22:59:50 EDT 2017  Total:  5 of 100

CS252: lab1. jdidat Tue Aug 29 23:01:30 EDT 2017  Total:  5 of 100

CS252: lab1. jdidat Tue Aug 29 23:08:55 EDT 2017  Total:  5 of 100

CS252: lab1. jdidat Tue Aug 29 23:13:01 EDT 2017  Total:  15 of 100

CS252: lab1. jdidat Tue Aug 29 23:15:15 EDT 2017  Total:  15 of 100

CS252: lab1. jdidat Tue Aug 29 23:21:10 EDT 2017  Total:  15 of 100

CS252: lab1. jdidat Wed Aug 30 11:33:08 EDT 2017  Total:  15 of 100

CS252: lab1. jdidat Wed Aug 30 11:37:34 EDT 2017  Total:  15 of 100

CS252: lab1. jdidat Wed Aug 30 11:42:28 EDT 2017  Total:  20 of 100

CS252: lab1. jdidat Wed Aug 30 11:45:44 EDT 2017  Total:  20 of 100

CS252: lab1. jdidat Wed Aug 30 18:51:10 EDT 2017  Total:  20 of 100

CS252: lab1. jdidat Wed Aug 30 19:45:29 EDT 2017  Total:  20 of 100

CS252: lab1. jdidat Wed Aug 30 20:07:41 EDT 2017  Total:  20 of 100

CS252: lab1. jdidat Wed Aug 30 22:20:34 EDT 2017  Total:  20 of 100

CS252: lab1. jdidat Wed Aug 30 22:35:59 EDT 2017  Total:  20 of 100

CS252: lab1. jdidat Wed Aug 30 22:47:51 EDT 2017  Total:  20 of 100

CS252: lab1. jdidat Wed Aug 30 22:49:28 EDT 2017  Total:  20 of 100

CS252: lab1. jdidat Wed Aug 30 22:55:16 EDT 2017  Total:  20 of 100

CS252: lab1. jdidat Wed Aug 30 23:04:19 EDT 2017  Total:  20 of 100

CS252: lab1. jdidat Wed Aug 30 23:05:48 EDT 2017  Total:  20 of 100

CS252: lab1. jdidat Wed Aug 30 23:11:42 EDT 2017  Total:  20 of 100

CS252: lab1. jdidat Wed Aug 30 23:17:48 EDT 2017  Total:  20 of 100

CS252: lab1. jdidat Wed Aug 30 23:18:52 EDT 2017  Total:  10 of 100

CS252: lab1. jdidat Wed Aug 30 23:19:36 EDT 2017  Total:  15 of 100

CS252: lab1. jdidat Wed Aug 30 23:21:46 EDT 2017  Total:  20 of 100

CS252: lab1. jdidat Wed Aug 30 23:24:55 EDT 2017  Total:  20 of 100

CS252: lab1. jdidat Wed Aug 30 23:26:42 EDT 2017  Total:  20 of 100

CS252: lab1. jdidat Wed Aug 30 23:27:43 EDT 2017  Total:  10 of 100

CS252: lab1. jdidat Wed Aug 30 23:28:59 EDT 2017  Total:  20 of 100

CS252: lab1. jdidat Wed Aug 30 23:29:56 EDT 2017  Total:  10 of 100

CS252: lab1. jdidat Wed Aug 30 23:30:25 EDT 2017  Total:  20 of 100

CS252: lab1. jdidat Wed Aug 30 23:40:58 EDT 2017  Total:  20 of 100

CS252: lab1. jdidat Wed Aug 30 23:43:17 EDT 2017  Total:  20 of 100

CS252: lab1. jdidat Wed Aug 30 23:44:10 EDT 2017  Total:  10 of 100

CS252: lab1. jdidat Wed Aug 30 23:46:11 EDT 2017  Total:  10 of 100

CS252: lab1. jdidat Wed Aug 30 23:47:35 EDT 2017  Total:  15 of 100

CS252: lab1. jdidat Wed Aug 30 23:53:16 EDT 2017  Total:  15 of 100

CS252: lab1. jdidat Wed Aug 30 23:54:24 EDT 2017  Total:  25 of 100

CS252: lab1. jdidat Thu Aug 31 00:02:53 EDT 2017  Total:  5 of 100

CS252: lab1. jdidat Thu Aug 31 00:06:00 EDT 2017  Total:  25 of 100

CS252: lab1. jdidat Thu Aug 31 00:08:57 EDT 2017  Total:  25 of 100

CS252: lab1. jdidat Thu Aug 31 00:16:18 EDT 2017  Total:  25 of 100

CS252: lab1. jdidat Thu Aug 31 00:16:31 EDT 2017  Total:  25 of 100

CS252: lab1. jdidat Thu Aug 31 00:35:18 EDT 2017  Total:  10 of 100

CS252: lab1. jdidat Thu Aug 31 20:46:24 EDT 2017  Total:  10 of 100

CS252: lab1. jdidat Thu Aug 31 20:47:29 EDT 2017  Total:  10 of 100

CS252: lab1. jdidat Thu Aug 31 20:48:31 EDT 2017  Total:  10 of 100

CS252: lab1. jdidat Thu Aug 31 20:49:26 EDT 2017  Total:  10 of 100

CS252: lab1. jdidat Thu Aug 31 20:50:13 EDT 2017  Total:  25 of 100

CS252: lab1. jdidat Thu Aug 31 20:52:19 EDT 2017  Total:  15 of 100

CS252: lab1. jdidat Thu Aug 31 20:53:07 EDT 2017  Total:  10 of 100

CS252: lab1. jdidat Thu Aug 31 20:53:36 EDT 2017  Total:  25 of 100

CS252: lab1. jdidat Thu Aug 31 20:58:58 EDT 2017  Total:  25 of 100

CS252: lab1. jdidat Thu Aug 31 21:05:56 EDT 2017  Total:  25 of 100

CS252: lab1. jdidat Thu Aug 31 21:28:51 EDT 2017  Total:  20 of 100

CS252: lab1. jdidat Thu Aug 31 21:32:03 EDT 2017  Total:  20 of 100

CS252: lab1. jdidat Thu Aug 31 21:33:48 EDT 2017  Total:  35 of 100

CS252: lab1. jdidat Fri Sep 1 11:46:12 EDT 2017  Total:  35 of 100

CS252: lab1. jdidat Fri Sep 1 12:47:31 EDT 2017  Total:  35 of 100

CS252: lab1. jdidat Fri Sep 1 13:28:41 EDT 2017  Total:  35 of 100

CS252: lab1. jdidat Fri Sep 1 15:29:52 EDT 2017  Total:  35 of 100

CS252: lab1. jdidat Fri Sep 1 15:34:07 EDT 2017  Total:  35 of 100

CS252: lab1. jdidat Fri Sep 1 15:43:55 EDT 2017  Total:  35 of 100

CS252: lab1. jdidat Fri Sep 1 15:46:04 EDT 2017  Total:  35 of 100

CS252: lab1. jdidat Fri Sep 1 16:06:24 EDT 2017  Total:  35 of 100

CS252: lab1. jdidat Fri Sep 1 16:11:19 EDT 2017  Total:  35 of 100

CS252: lab1. jdidat Fri Sep 1 16:21:39 EDT 2017  Total:  35 of 100

CS252: lab1. jdidat Fri Sep 1 19:24:27 EDT 2017  Total:  35 of 100

CS252: lab1. jdidat Fri Sep 1 19:30:26 EDT 2017  Total:  35 of 100

CS252: lab1. jdidat Fri Sep 1 19:39:39 EDT 2017  Total:  35 of 100

CS252: lab1. jdidat Fri Sep 1 20:02:11 EDT 2017  Total:  35 of 100

CS252: lab1. jdidat Fri Sep 1 20:02:55 EDT 2017  Total:  35 of 100

CS252: lab1. jdidat Fri Sep 1 20:25:41 EDT 2017  Total:  35 of 100

CS252: lab1. jdidat Fri Sep 1 20:38:11 EDT 2017  Total:  35 of 100

CS252: lab1. jdidat Fri Sep 1 20:44:17 EDT 2017  Total:  35 of 100

CS252: lab1. jdidat Fri Sep 1 21:46:25 EDT 2017  Total:  35 of 100

CS252: lab1. jdidat Fri Sep 1 21:53:03 EDT 2017  Total:  35 of 100

CS252: lab1. jdidat Fri Sep 1 21:55:14 EDT 2017  Total:  40 of 100

CS252: lab1. jdidat Fri Sep 1 22:03:12 EDT 2017  Total:  55 of 100

CS252: lab1. jdidat Fri Sep 1 22:03:38 EDT 2017  Total:  55 of 100

CS252: lab1. jdidat Fri Sep 1 22:03:41 EDT 2017  Total:  55 of 100

CS252: lab1. jdidat Fri Sep 1 22:03:45 EDT 2017  Total:  55 of 100

CS252: lab1. jdidat Fri Sep 1 22:03:49 EDT 2017  Total:  55 of 100

CS252: lab1. jdidat Fri Sep 1 22:03:55 EDT 2017  Total:  55 of 100

CS252: lab1. jdidat Fri Sep 1 22:10:47 EDT 2017  Total:  55 of 100

CS252: lab1. jdidat Fri Sep 1 22:56:45 EDT 2017  Total:  55 of 100

CS252: lab1. jdidat Fri Sep 1 23:41:18 EDT 2017  Total:  55 of 100

CS252: lab1. jdidat Fri Sep 1 23:42:18 EDT 2017  Total:  55 of 100

CS252: lab1. jdidat Fri Sep 1 23:58:17 EDT 2017  Total:  55 of 100

CS252: lab1. jdidat Fri Sep 1 23:59:26 EDT 2017  Total:  55 of 100

CS252: lab1. jdidat Sat Sep 2 00:02:17 EDT 2017  Total:  55 of 100

CS252: lab1. jdidat Sat Sep 2 00:20:26 EDT 2017  Total:  55 of 100

CS252: lab1. jdidat Sat Sep 2 14:37:22 EDT 2017  Total:  55 of 100

CS252: lab1. jdidat Sat Sep 2 14:47:06 EDT 2017  Total:  55 of 100

CS252: lab1. jdidat Sat Sep 2 14:53:18 EDT 2017  Total:  55 of 100

CS252: lab1. jdidat Sat Sep 2 14:55:05 EDT 2017  Total:  55 of 100

CS252: lab1. jdidat Sat Sep 2 15:01:52 EDT 2017  Total:  65 of 100

CS252: lab1. jdidat Sat Sep 2 15:04:26 EDT 2017  Total:  65 of 100

CS252: lab1. jdidat Sat Sep 2 15:14:37 EDT 2017  Total:  75 of 100

CS252: lab1. jdidat Sat Sep 2 15:18:05 EDT 2017  Total:  75 of 100

CS252: lab1. jdidat Sat Sep 2 15:31:50 EDT 2017  Total:  100 of 100

CS252: lab1. jdidat Sat Sep 2 15:32:01 EDT 2017  Total:  100 of 100

CS252: lab1. jdidat Sat Sep 2 15:32:05 EDT 2017  Total:  95 of 100

CS252: lab1. jdidat Sat Sep 2 15:35:08 EDT 2017  Total:  100 of 100

CS252: lab1. jdidat Sat Sep 2 15:35:12 EDT 2017  Total:  100 of 100

CS252: lab1. jdidat Sat Sep 2 15:35:15 EDT 2017  Total:  100 of 100

CS252: lab1. jdidat Sat Sep 2 15:35:18 EDT 2017  Total:  100 of 100

CS252: lab1. jdidat Sat Sep 2 15:35:22 EDT 2017  Total:  100 of 100

CS252: lab1. jdidat Sat Sep 2 15:35:25 EDT 2017  Total:  100 of 100

CS252: lab1. jdidat Sat Sep 2 15:35:29 EDT 2017  Total:  100 of 100

CS252: lab1. jdidat Sat Sep 2 15:35:32 EDT 2017  Total:  100 of 100

CS252: lab1. jdidat Sat Sep 2 15:35:36 EDT 2017  Total:  100 of 100

CS252: lab1. jdidat Sat Sep 2 15:35:39 EDT 2017  Total:  100 of 100

CS252: lab1. jdidat Sat Sep 2 15:54:11 EDT 2017  Total:  100 of 100

CS252: lab1. jdidat Sat Sep 2 15:55:15 EDT 2017  Total:  100 of 100

CS252: lab1. jdidat Sat Sep 2 16:21:41 EDT 2017  Total:  100 of 100

CS252: lab1. jdidat Sat Sep 2 17:08:51 EDT 2017  Total:  100 of 100

CS252: lab1. jdidat Sat Sep 2 19:42:38 EDT 2017  Total:  80 of 100

CS252: lab1. jdidat Sat Sep 2 19:43:24 EDT 2017  Total:  100 of 100

CS252: lab1. jdidat Sat Sep 2 23:33:31 EDT 2017  Total:  100 of 100

CS252: lab1. jdidat Sun Sep 3 20:22:24 EDT 2017  Total:  100 of 100

CS252: lab1. jdidat Sun Sep 3 20:50:17 EDT 2017  Total:  100 of 100

CS252: lab1. jdidat Sun Sep 3 21:25:03 EDT 2017  Total:  100 of 100

CS252: lab1. jdidat Fri Sep 8 16:57:59 EDT 2017  Total:  80 of 100

CS252: lab1. jdidat Fri Sep 8 16:59:30 EDT 2017  Total:  100 of 100

